2015/04/02 10:09:15 [error] [exception.CDbException] exception 'CDbException' with message 'CDbConnection failed to open the DB connection: SQLSTATE[28000] [1045] Access denied for user 'root'@'localhost' (using password: NO)' in /var/www/html/yii/db/CDbConnection.php:399
Stack trace:
#0 /var/www/html/yii/db/CDbConnection.php(347): CDbConnection->open()
#1 /var/www/html/yii/db/CDbConnection.php(325): CDbConnection->setActive(true)
#2 /var/www/html/yii/base/CModule.php(394): CDbConnection->init()
#3 /var/www/html/yii/base/CApplication.php(458): CModule->getComponent('db')
#4 /var/www/html/yii/db/ar/CActiveRecord.php(637): CApplication->getDb()
#5 /var/www/html/yii/db/ar/CActiveRecord.php(1433): CActiveRecord->getDbConnection()
#6 /var/www/html/yii/db/ar/CActiveRecord.php(1522): CActiveRecord->getTableAlias(true)
#7 /var/www/html/lilely.localhost/protected/components/WebSetting.php(17): CActiveRecord->findByAttributes(Array)
#8 /var/www/html/lilely.localhost/protected/controllers/HomeController.php(13): WebSetting->getValue('SIZE_OF_STORY')
#9 /var/www/html/yii/web/CWebApplication.php(281): HomeController->init()
#10 /var/www/html/yii/web/CWebApplication.php(141): CWebApplication->runController('')
#11 /var/www/html/yii/base/CApplication.php(184): CWebApplication->processRequest()
#12 /var/www/html/lilely.localhost/index.php(14): CApplication->run()
#13 {main}
REQUEST_URI=/
---
2015/04/02 10:10:26 [error] [exception.CDbException] exception 'CDbException' with message 'CDbConnection failed to open the DB connection: SQLSTATE[28000] [1045] Access denied for user 'root'@'localhost' (using password: NO)' in /var/www/html/yii/db/CDbConnection.php:399
Stack trace:
#0 /var/www/html/yii/db/CDbConnection.php(347): CDbConnection->open()
#1 /var/www/html/yii/db/CDbConnection.php(325): CDbConnection->setActive(true)
#2 /var/www/html/yii/base/CModule.php(394): CDbConnection->init()
#3 /var/www/html/yii/base/CApplication.php(458): CModule->getComponent('db')
#4 /var/www/html/yii/db/ar/CActiveRecord.php(637): CApplication->getDb()
#5 /var/www/html/yii/db/ar/CActiveRecord.php(1433): CActiveRecord->getDbConnection()
#6 /var/www/html/yii/db/ar/CActiveRecord.php(1522): CActiveRecord->getTableAlias(true)
#7 /var/www/html/lilely.localhost/protected/components/WebSetting.php(17): CActiveRecord->findByAttributes(Array)
#8 /var/www/html/lilely.localhost/protected/controllers/HomeController.php(13): WebSetting->getValue('SIZE_OF_STORY')
#9 /var/www/html/yii/web/CWebApplication.php(281): HomeController->init()
#10 /var/www/html/yii/web/CWebApplication.php(141): CWebApplication->runController('')
#11 /var/www/html/yii/base/CApplication.php(184): CWebApplication->processRequest()
#12 /var/www/html/lilely.localhost/index.php(14): CApplication->run()
#13 {main}
REQUEST_URI=/
---
2015/04/02 10:10:27 [error] [exception.CDbException] exception 'CDbException' with message 'CDbConnection failed to open the DB connection: SQLSTATE[28000] [1045] Access denied for user 'root'@'localhost' (using password: NO)' in /var/www/html/yii/db/CDbConnection.php:399
Stack trace:
#0 /var/www/html/yii/db/CDbConnection.php(347): CDbConnection->open()
#1 /var/www/html/yii/db/CDbConnection.php(325): CDbConnection->setActive(true)
#2 /var/www/html/yii/base/CModule.php(394): CDbConnection->init()
#3 /var/www/html/yii/base/CApplication.php(458): CModule->getComponent('db')
#4 /var/www/html/yii/db/ar/CActiveRecord.php(637): CApplication->getDb()
#5 /var/www/html/yii/db/ar/CActiveRecord.php(1433): CActiveRecord->getDbConnection()
#6 /var/www/html/yii/db/ar/CActiveRecord.php(1522): CActiveRecord->getTableAlias(true)
#7 /var/www/html/lilely.localhost/protected/components/WebSetting.php(17): CActiveRecord->findByAttributes(Array)
#8 /var/www/html/lilely.localhost/protected/controllers/HomeController.php(13): WebSetting->getValue('SIZE_OF_STORY')
#9 /var/www/html/yii/web/CWebApplication.php(281): HomeController->init()
#10 /var/www/html/yii/web/CWebApplication.php(141): CWebApplication->runController('')
#11 /var/www/html/yii/base/CApplication.php(184): CWebApplication->processRequest()
#12 /var/www/html/lilely.localhost/index.php(14): CApplication->run()
#13 {main}
REQUEST_URI=/
---
2015/04/02 10:10:27 [error] [exception.CDbException] exception 'CDbException' with message 'CDbConnection failed to open the DB connection: SQLSTATE[28000] [1045] Access denied for user 'root'@'localhost' (using password: NO)' in /var/www/html/yii/db/CDbConnection.php:399
Stack trace:
#0 /var/www/html/yii/db/CDbConnection.php(347): CDbConnection->open()
#1 /var/www/html/yii/db/CDbConnection.php(325): CDbConnection->setActive(true)
#2 /var/www/html/yii/base/CModule.php(394): CDbConnection->init()
#3 /var/www/html/yii/base/CApplication.php(458): CModule->getComponent('db')
#4 /var/www/html/yii/db/ar/CActiveRecord.php(637): CApplication->getDb()
#5 /var/www/html/yii/db/ar/CActiveRecord.php(1433): CActiveRecord->getDbConnection()
#6 /var/www/html/yii/db/ar/CActiveRecord.php(1522): CActiveRecord->getTableAlias(true)
#7 /var/www/html/lilely.localhost/protected/components/WebSetting.php(17): CActiveRecord->findByAttributes(Array)
#8 /var/www/html/lilely.localhost/protected/controllers/HomeController.php(13): WebSetting->getValue('SIZE_OF_STORY')
#9 /var/www/html/yii/web/CWebApplication.php(281): HomeController->init()
#10 /var/www/html/yii/web/CWebApplication.php(141): CWebApplication->runController('')
#11 /var/www/html/yii/base/CApplication.php(184): CWebApplication->processRequest()
#12 /var/www/html/lilely.localhost/index.php(14): CApplication->run()
#13 {main}
REQUEST_URI=/
---
2015/04/02 10:14:41 [error] [exception.CDbException] exception 'CDbException' with message 'CDbConnection failed to open the DB connection: SQLSTATE[28000] [1045] Access denied for user 'root'@'localhost' (using password: NO)' in /var/www/html/yii/db/CDbConnection.php:399
Stack trace:
#0 /var/www/html/yii/db/CDbConnection.php(347): CDbConnection->open()
#1 /var/www/html/yii/db/CDbConnection.php(325): CDbConnection->setActive(true)
#2 /var/www/html/yii/base/CModule.php(394): CDbConnection->init()
#3 /var/www/html/yii/base/CApplication.php(458): CModule->getComponent('db')
#4 /var/www/html/yii/db/ar/CActiveRecord.php(637): CApplication->getDb()
#5 /var/www/html/yii/db/ar/CActiveRecord.php(1433): CActiveRecord->getDbConnection()
#6 /var/www/html/yii/db/ar/CActiveRecord.php(1522): CActiveRecord->getTableAlias(true)
#7 /var/www/html/lilely.localhost/protected/components/WebSetting.php(17): CActiveRecord->findByAttributes(Array)
#8 /var/www/html/lilely.localhost/protected/controllers/HomeController.php(13): WebSetting->getValue('SIZE_OF_STORY')
#9 /var/www/html/yii/web/CWebApplication.php(281): HomeController->init()
#10 /var/www/html/yii/web/CWebApplication.php(141): CWebApplication->runController('')
#11 /var/www/html/yii/base/CApplication.php(184): CWebApplication->processRequest()
#12 /var/www/html/lilely.localhost/index.php(14): CApplication->run()
#13 {main}
REQUEST_URI=/
---
2015/04/02 10:14:41 [error] [exception.CDbException] exception 'CDbException' with message 'CDbConnection failed to open the DB connection: SQLSTATE[28000] [1045] Access denied for user 'root'@'localhost' (using password: NO)' in /var/www/html/yii/db/CDbConnection.php:399
Stack trace:
#0 /var/www/html/yii/db/CDbConnection.php(347): CDbConnection->open()
#1 /var/www/html/yii/db/CDbConnection.php(325): CDbConnection->setActive(true)
#2 /var/www/html/yii/base/CModule.php(394): CDbConnection->init()
#3 /var/www/html/yii/base/CApplication.php(458): CModule->getComponent('db')
#4 /var/www/html/yii/db/ar/CActiveRecord.php(637): CApplication->getDb()
#5 /var/www/html/yii/db/ar/CActiveRecord.php(1433): CActiveRecord->getDbConnection()
#6 /var/www/html/yii/db/ar/CActiveRecord.php(1522): CActiveRecord->getTableAlias(true)
#7 /var/www/html/lilely.localhost/protected/components/WebSetting.php(17): CActiveRecord->findByAttributes(Array)
#8 /var/www/html/lilely.localhost/protected/controllers/HomeController.php(13): WebSetting->getValue('SIZE_OF_STORY')
#9 /var/www/html/yii/web/CWebApplication.php(281): HomeController->init()
#10 /var/www/html/yii/web/CWebApplication.php(141): CWebApplication->runController('')
#11 /var/www/html/yii/base/CApplication.php(184): CWebApplication->processRequest()
#12 /var/www/html/lilely.localhost/index.php(14): CApplication->run()
#13 {main}
REQUEST_URI=/
---
