2014/09/15 18:27:41 [trace] [application] backend
in D:\xampp\htdocs\lilely\protected\modules\user\components\UserIdentity.php (53)
in D:\xampp\htdocs\lilely\protected\modules\user\models\UserLogin.php (48)
in D:\xampp\htdocs\lilely\protected\modules\user\controllers\LoginController.php (20)
2014/09/16 05:34:01 [trace] [application] frontend
in D:\xampp\htdocs\lilely\protected\modules\user\components\UserIdentity.php (79)
in D:\xampp\htdocs\lilely\protected\models\AUserLogin.php (49)
in D:\xampp\htdocs\lilely\protected\controllers\AccountController.php (233)
2014/09/16 05:58:30 [trace] [application] backend
in D:\xampp\htdocs\lilely\protected\modules\user\components\UserIdentity.php (53)
in D:\xampp\htdocs\lilely\protected\modules\user\models\UserLogin.php (48)
in D:\xampp\htdocs\lilely\protected\modules\user\controllers\LoginController.php (20)
2014/09/16 10:38:41 [trace] [application] frontend
in D:\xampp\htdocs\lilely\protected\modules\user\components\UserIdentity.php (79)
in D:\xampp\htdocs\lilely\protected\models\AUserLogin.php (49)
in D:\xampp\htdocs\lilely\protected\controllers\AccountController.php (233)
2014/09/16 10:41:25 [trace] [application] backend
in D:\xampp\htdocs\lilely\protected\modules\user\components\UserIdentity.php (53)
in D:\xampp\htdocs\lilely\protected\modules\user\models\UserLogin.php (48)
in D:\xampp\htdocs\lilely\protected\modules\user\controllers\LoginController.php (20)
2014/09/18 11:35:38 [trace] [application] backend
in D:\xampp\htdocs\lilely\protected\modules\user\components\UserIdentity.php (53)
in D:\xampp\htdocs\lilely\protected\modules\user\models\UserLogin.php (48)
in D:\xampp\htdocs\lilely\protected\modules\user\controllers\LoginController.php (20)
2014/09/22 05:00:22 [trace] [application] backend
in D:\xampp\htdocs\lilely\protected\modules\user\components\UserIdentity.php (53)
in D:\xampp\htdocs\lilely\protected\modules\user\models\UserLogin.php (48)
in D:\xampp\htdocs\lilely\protected\modules\user\controllers\LoginController.php (20)
2014/10/08 11:04:17 [trace] [application] backend
in D:\xampp\htdocs\lilely-quote\protected\modules\user\components\UserIdentity.php (53)
in D:\xampp\htdocs\lilely-quote\protected\modules\user\models\UserLogin.php (48)
in D:\xampp\htdocs\lilely-quote\protected\modules\user\controllers\LoginController.php (20)
2014/10/08 18:41:09 [trace] [application] backend
in D:\xampp\htdocs\lilely-quote\protected\modules\user\components\UserIdentity.php (53)
in D:\xampp\htdocs\lilely-quote\protected\modules\user\models\UserLogin.php (48)
in D:\xampp\htdocs\lilely-quote\protected\modules\user\controllers\LoginController.php (20)
2014/10/11 07:27:42 [trace] [application] backend
in D:\xampp\htdocs\lilely-quote\protected\modules\user\components\UserIdentity.php (53)
in D:\xampp\htdocs\lilely-quote\protected\modules\user\models\UserLogin.php (48)
in D:\xampp\htdocs\lilely-quote\protected\modules\user\controllers\LoginController.php (20)
2014/10/23 11:00:26 [trace] [application] backend
in D:\xampp\htdocs\lilely-quote\protected\modules\user\components\UserIdentity.php (53)
in D:\xampp\htdocs\lilely-quote\protected\modules\user\models\UserLogin.php (48)
in D:\xampp\htdocs\lilely-quote\protected\modules\user\controllers\LoginController.php (20)
2014/11/03 05:23:32 [trace] [application] backend
in D:\xampp\htdocs\lilely-quote\protected\modules\user\components\UserIdentity.php (53)
in D:\xampp\htdocs\lilely-quote\protected\modules\user\models\UserLogin.php (48)
in D:\xampp\htdocs\lilely-quote\protected\modules\user\controllers\LoginController.php (20)
2014/11/06 04:25:16 [trace] [application] backend
in D:\xampp\htdocs\lilely-quote\protected\modules\user\components\UserIdentity.php (53)
in D:\xampp\htdocs\lilely-quote\protected\modules\user\models\UserLogin.php (48)
in D:\xampp\htdocs\lilely-quote\protected\modules\user\controllers\LoginController.php (20)
2014/12/18 04:14:53 [trace] [application] backend
in D:\xampp\htdocs\lilely-quote\protected\modules\user\components\UserIdentity.php (53)
in D:\xampp\htdocs\lilely-quote\protected\modules\user\models\UserLogin.php (48)
in D:\xampp\htdocs\lilely-quote\protected\modules\user\controllers\LoginController.php (20)
